gpasm-0.13.6 beta               ../src/m600.asm11-21-2009  16:29:05         PAGE  1


LOC  OBJECT CODE     LINE SOURCE TEXT
  VALUE
 
               00001 ;--------------------------------------------------------
               00002 ; File Created by SDCC : free open source ANSI-C Compiler
               00003 ; Version 2.8.5 #5516 (Sep 20 2009) (UNIX)
               00004 ; This file was generated Sat Nov 21 16:29:05 2009
               00005 ;--------------------------------------------------------
               00006 ; PIC16 port for the Microchip 16-bit core micros
               00007 ;--------------------------------------------------------
               00008         list    p=18f4550
               00009 
               00010         radix dec
               00011 
               00012 ;--------------------------------------------------------
               00013 ; public variables in this module
               00014 ;--------------------------------------------------------
               00015         global _m600_setup
               00016         global _m600_start_request
               00017         global _m600_schedule
               00018 
               00019 ;--------------------------------------------------------
               00020 ; extern variables in this module
               00021 ;--------------------------------------------------------
               00022         extern __gptrput2
               00023         extern __gptrput1
               00024         extern _SPPDATAbits
               00025         extern _SPPCFGbits
               00026         extern _SPPEPSbits
               00027         extern _SPPCONbits
               00028         extern _UFRMLbits
               00029         extern _UFRMHbits
               00030         extern _UIRbits
               00031         extern _UIEbits
               00032         extern _UEIRbits
               00033         extern _UEIEbits
               00034         extern _USTATbits
               00035         extern _UCONbits
               00036         extern _UADDRbits
               00037         extern _UCFGbits
               00038         extern _UEP0bits
               00039         extern _UEP1bits
               00040         extern _UEP2bits
               00041         extern _UEP3bits
               00042         extern _UEP4bits
               00043         extern _UEP5bits
               00044         extern _UEP6bits
               00045         extern _UEP7bits
               00046         extern _UEP8bits
               00047         extern _UEP9bits
               00048         extern _UEP10bits
               00049         extern _UEP11bits
               00050         extern _UEP12bits
               00051         extern _UEP13bits
               00052         extern _UEP14bits
               00053         extern _UEP15bits
               00054         extern _PORTAbits
gpasm-0.13.6 beta               ../src/m600.asm11-21-2009  16:29:05         PAGE  2


LOC  OBJECT CODE     LINE SOURCE TEXT
  VALUE
 
               00055         extern _PORTBbits
               00056         extern _PORTCbits
               00057         extern _PORTDbits
               00058         extern _PORTEbits
               00059         extern _LATAbits
               00060         extern _LATBbits
               00061         extern _LATCbits
               00062         extern _LATDbits
               00063         extern _LATEbits
               00064         extern _TRISAbits
               00065         extern _TRISBbits
               00066         extern _TRISCbits
               00067         extern _TRISDbits
               00068         extern _TRISEbits
               00069         extern _OSCTUNEbits
               00070         extern _PIE1bits
               00071         extern _PIR1bits
               00072         extern _IPR1bits
               00073         extern _PIE2bits
               00074         extern _PIR2bits
               00075         extern _IPR2bits
               00076         extern _EECON1bits
               00077         extern _RCSTAbits
               00078         extern _TXSTAbits
               00079         extern _T3CONbits
               00080         extern _CMCONbits
               00081         extern _CVRCONbits
               00082         extern _ECCP1ASbits
               00083         extern _ECCP1DELbits
               00084         extern _BAUDCONbits
               00085         extern _CCP2CONbits
               00086         extern _CCP1CONbits
               00087         extern _ADCON2bits
               00088         extern _ADCON1bits
               00089         extern _ADCON0bits
               00090         extern _SSPCON2bits
               00091         extern _SSPCON1bits
               00092         extern _SSPSTATbits
               00093         extern _T2CONbits
               00094         extern _T1CONbits
               00095         extern _RCONbits
               00096         extern _WDTCONbits
               00097         extern _HLVDCONbits
               00098         extern _OSCCONbits
               00099         extern _T0CONbits
               00100         extern _STATUSbits
               00101         extern _FSR2Hbits
               00102         extern _BSRbits
               00103         extern _FSR1Hbits
               00104         extern _FSR0Hbits
               00105         extern _INTCON3bits
               00106         extern _INTCON2bits
               00107         extern _INTCONbits
               00108         extern _TBLPTRUbits
gpasm-0.13.6 beta               ../src/m600.asm11-21-2009  16:29:05         PAGE  3


LOC  OBJECT CODE     LINE SOURCE TEXT
  VALUE
 
               00109         extern _PCLATHbits
               00110         extern _PCLATUbits
               00111         extern _STKPTRbits
               00112         extern _TOSUbits
               00113         extern _SPPDATA
               00114         extern _SPPCFG
               00115         extern _SPPEPS
               00116         extern _SPPCON
               00117         extern _UFRML
               00118         extern _UFRMH
               00119         extern _UIR
               00120         extern _UIE
               00121         extern _UEIR
               00122         extern _UEIE
               00123         extern _USTAT
               00124         extern _UCON
               00125         extern _UADDR
               00126         extern _UCFG
               00127         extern _UEP0
               00128         extern _UEP1
               00129         extern _UEP2
               00130         extern _UEP3
               00131         extern _UEP4
               00132         extern _UEP5
               00133         extern _UEP6
               00134         extern _UEP7
               00135         extern _UEP8
               00136         extern _UEP9
               00137         extern _UEP10
               00138         extern _UEP11
               00139         extern _UEP12
               00140         extern _UEP13
               00141         extern _UEP14
               00142         extern _UEP15
               00143         extern _PORTA
               00144         extern _PORTB
               00145         extern _PORTC
               00146         extern _PORTD
               00147         extern _PORTE
               00148         extern _LATA
               00149         extern _LATB
               00150         extern _LATC
               00151         extern _LATD
               00152         extern _LATE
               00153         extern _TRISA
               00154         extern _TRISB
               00155         extern _TRISC
               00156         extern _TRISD
               00157         extern _TRISE
               00158         extern _OSCTUNE
               00159         extern _PIE1
               00160         extern _PIR1
               00161         extern _IPR1
               00162         extern _PIE2
gpasm-0.13.6 beta               ../src/m600.asm11-21-2009  16:29:05         PAGE  4


LOC  OBJECT CODE     LINE SOURCE TEXT
  VALUE
 
               00163         extern _PIR2
               00164         extern _IPR2
               00165         extern _EECON1
               00166         extern _EECON2
               00167         extern _EEDATA
               00168         extern _EEADR
               00169         extern _RCSTA
               00170         extern _TXSTA
               00171         extern _TXREG
               00172         extern _RCREG
               00173         extern _SPBRG
               00174         extern _SPBRGH
               00175         extern _T3CON
               00176         extern _TMR3L
               00177         extern _TMR3H
               00178         extern _CMCON
               00179         extern _CVRCON
               00180         extern _ECCP1AS
               00181         extern _ECCP1DEL
               00182         extern _BAUDCON
               00183         extern _CCP2CON
               00184         extern _CCPR2L
               00185         extern _CCPR2H
               00186         extern _CCP1CON
               00187         extern _CCPR1L
               00188         extern _CCPR1H
               00189         extern _ADCON2
               00190         extern _ADCON1
               00191         extern _ADCON0
               00192         extern _ADRESL
               00193         extern _ADRESH
               00194         extern _SSPCON2
               00195         extern _SSPCON1
               00196         extern _SSPSTAT
               00197         extern _SSPADD
               00198         extern _SSPBUF
               00199         extern _T2CON
               00200         extern _PR2
               00201         extern _TMR2
               00202         extern _T1CON
               00203         extern _TMR1L
               00204         extern _TMR1H
               00205         extern _RCON
               00206         extern _WDTCON
               00207         extern _HLVDCON
               00208         extern _OSCCON
               00209         extern _T0CON
               00210         extern _TMR0L
               00211         extern _TMR0H
               00212         extern _STATUS
               00213         extern _FSR2L
               00214         extern _FSR2H
               00215         extern _PLUSW2
               00216         extern _PREINC2
gpasm-0.13.6 beta               ../src/m600.asm11-21-2009  16:29:05         PAGE  5


LOC  OBJECT CODE     LINE SOURCE TEXT
  VALUE
 
               00217         extern _POSTDEC2
               00218         extern _POSTINC2
               00219         extern _INDF2
               00220         extern _BSR
               00221         extern _FSR1L
               00222         extern _FSR1H
               00223         extern _PLUSW1
               00224         extern _PREINC1
               00225         extern _POSTDEC1
               00226         extern _POSTINC1
               00227         extern _INDF1
               00228         extern _WREG
               00229         extern _FSR0L
               00230         extern _FSR0H
               00231         extern _PLUSW0
               00232         extern _PREINC0
               00233         extern _POSTDEC0
               00234         extern _POSTINC0
               00235         extern _INDF0
               00236         extern _INTCON3
               00237         extern _INTCON2
               00238         extern _INTCON
               00239         extern _PRODL
               00240         extern _PRODH
               00241         extern _TABLAT
               00242         extern _TBLPTRL
               00243         extern _TBLPTRH
               00244         extern _TBLPTRU
               00245         extern _PCL
               00246         extern _PCLATH
               00247         extern _PCLATU
               00248         extern _STKPTR
               00249         extern _TOSL
               00250         extern _TOSH
               00251         extern _TOSU
               00252         extern _serial_write
               00253 ;--------------------------------------------------------
               00254 ;       Equates to used internal registers
               00255 ;--------------------------------------------------------
  00000FD8     00256 STATUS  equ     0xfd8
  00000FE8     00257 WREG    equ     0xfe8
  00000FE9     00258 FSR0L   equ     0xfe9
  00000FEA     00259 FSR0H   equ     0xfea
  00000FE1     00260 FSR1L   equ     0xfe1
  00000FD9     00261 FSR2L   equ     0xfd9
  00000FEF     00262 INDF0   equ     0xfef
  00000FEE     00263 POSTINC0        equ     0xfee
  00000FE5     00264 POSTDEC1        equ     0xfe5
  00000FE4     00265 PREINC1 equ     0xfe4
  00000FDB     00266 PLUSW2  equ     0xfdb
  00000FF3     00267 PRODL   equ     0xff3
  00000FF4     00268 PRODH   equ     0xff4
               00269 
               00270 
gpasm-0.13.6 beta               ../src/m600.asm11-21-2009  16:29:05         PAGE  6


LOC  OBJECT CODE     LINE SOURCE TEXT
  VALUE
 
               00271         idata
               00272 _m600_request   db      0xff
               00273 
               00274 
               00275 ; Internal registers
               00276 .registers      udata_ovr       0x0000
               00277 r0x00   res     1
               00278 r0x01   res     1
               00279 r0x02   res     1
               00280 r0x03   res     1
               00281 r0x04   res     1
               00282 r0x05   res     1
               00283 r0x06   res     1
               00284 
               00285 udata_m600_0    udata
               00286 _m600_reply     res     162
               00287 
               00288 ;--------------------------------------------------------
               00289 ; global & static initialisations
               00290 ;--------------------------------------------------------
               00291 ; I code from now on!
               00292 ; ; Starting pCode block
               00293 S_m600__m600_schedule   code
0000      00294 _m600_schedule:
               00295 ;       .line   197; ../src/m600.c      void m600_schedule(void)
0000 CFD9 FFE5 00296         MOVFF   FSR2L, POSTDEC1
0004 CFE1 FFD9 00297         MOVFF   FSR1L, FSR2L
0008 C000 FFE5 00298         MOVFF   r0x00, POSTDEC1
000C C000 FFE5 00299         MOVFF   r0x01, POSTDEC1
0010 C000 FFE5 00300         MOVFF   r0x02, POSTDEC1
0014 C000 FFE5 00301         MOVFF   r0x03, POSTDEC1
0018 C000 FFE5 00302         MOVFF   r0x04, POSTDEC1
001C C000 FFE5 00303         MOVFF   r0x05, POSTDEC1
0020 C000 FFE5 00304         MOVFF   r0x06, POSTDEC1
0024 0000      00305         BANKSEL _m600_request
               00306 ;       .line   201; ../src/m600.c      switch (m600_request)
0026 5100      00307         MOVF    _m600_request, W, B
0028 E000      00308         BZ      _00173_DS_
002A      00309 _00197_DS_:
002A 0000      00310         BANKSEL _m600_request
002C 5100      00311         MOVF    _m600_request, W, B
002E 0A01      00312         XORLW   0x01
0030 E000      00313         BZ      _00174_DS_
0032      00314 _00199_DS_:
0032 0000      00315         BANKSEL _m600_request
0034 5100      00316         MOVF    _m600_request, W, B
0036 0A02      00317         XORLW   0x02
0038 E000      00318         BZ      _00193_DS_
003A      00319 _00201_DS_:
003A 0000      00320         BANKSEL _m600_request
003C 5100      00321         MOVF    _m600_request, W, B
003E 0A03      00322         XORLW   0x03
0040 E100      00323         BNZ     _00203_DS_
0042 D000      00324         BRA     _00176_DS_
gpasm-0.13.6 beta               ../src/m600.asm11-21-2009  16:29:05         PAGE  7


LOC  OBJECT CODE     LINE SOURCE TEXT
  VALUE
 
0044      00325 _00203_DS_:
0044 D000      00326         BRA     _00178_DS_
0046      00327 _00173_DS_:
               00328 ;       .line   205; ../src/m600.c      m600_reply.alarms = m600_read_card(m600_reply.card_data);
0046 0E00      00329         MOVLW   HIGH(_m600_reply + 2)
0048 6E00      00330         MOVWF   r0x01
004A 0E00      00331         MOVLW   LOW(_m600_reply + 2)
004C 6E00      00332         MOVWF   r0x00
004E 0E80      00333         MOVLW   0x80
0050 6E00      00334         MOVWF   r0x02
0052 5000      00335         MOVF    r0x02, W
0054 6EE5      00336         MOVWF   POSTDEC1
0056 5000      00337         MOVF    r0x01, W
0058 6EE5      00338         MOVWF   POSTDEC1
005A 5000      00339         MOVF    r0x00, W
005C 6EE5      00340         MOVWF   POSTDEC1
005E EC00 F000 00341         CALL    _m600_read_card
0062 6E00      00342         MOVWF   r0x00
0064 CFF3 F000 00343         MOVFF   PRODL, r0x01
0068 0E03      00344         MOVLW   0x03
006A 26E1      00345         ADDWF   FSR1L, F
006C 5000      00346         MOVF    r0x00, W
006E 0000      00347         BANKSEL _m600_reply
0070 6F00      00348         MOVWF   _m600_reply, B
0072 5000      00349         MOVF    r0x01, W
0074 0000      00350         BANKSEL (_m600_reply + 1)
0076 6F00      00351         MOVWF   (_m600_reply + 1), B
               00352 ;       .line   207; ../src/m600.c      do_reply = 1;
0078 0E01      00353         MOVLW   0x01
007A 6E00      00354         MOVWF   r0x00
               00355 ;       .line   209; ../src/m600.c      break;
007C D000      00356         BRA     _00179_DS_
007E      00357 _00174_DS_:
               00358 ;       .line   214; ../src/m600.c      m600_reply.alarms = m600_read_alarms();
007E EC00 F000 00359         CALL    _m600_read_alarms
0082 6E00      00360         MOVWF   r0x01
0084 CFF3 F000 00361         MOVFF   PRODL, r0x02
0088 5000      00362         MOVF    r0x01, W
008A 0000      00363         BANKSEL _m600_reply
008C 6F00      00364         MOVWF   _m600_reply, B
008E 5000      00365         MOVF    r0x02, W
0090 0000      00366         BANKSEL (_m600_reply + 1)
0092 6F00      00367         MOVWF   (_m600_reply + 1), B
               00368 ;       .line   216; ../src/m600.c      do_reply = 1;
0094 0E01      00369         MOVLW   0x01
0096 6E00      00370         MOVWF   r0x00
               00371 ;       .line   218; ../src/m600.c      break;
0098 D000      00372         BRA     _00179_DS_
009A      00373 _00193_DS_:
               00374 ;       .line   225; ../src/m600.c      for (i = 0; i < M600_COLUMN_COUNT; ++i)
009A 6A00      00375         CLRF    r0x01
009C 6A00      00376         CLRF    r0x02
009E 6A00      00377         CLRF    r0x03
00A0 6A00      00378         CLRF    r0x04
gpasm-0.13.6 beta               ../src/m600.asm11-21-2009  16:29:05         PAGE  8


LOC  OBJECT CODE     LINE SOURCE TEXT
  VALUE
 
00A2      00379 _00182_DS_:
00A2 0E00      00380         MOVLW   0x00
00A4 5C00      00381         SUBWF   r0x02, W
00A6 E100      00382         BNZ     _00204_DS_
00A8 0E50      00383         MOVLW   0x50
00AA 5C00      00384         SUBWF   r0x01, W
00AC      00385 _00204_DS_:
00AC E200      00386         BC      _00185_DS_
               00387 ;       .line   226; ../src/m600.c      m600_reply.card_data[i] = i;
00AE 0E00      00388         MOVLW   LOW(_m600_reply + 2)
00B0 2400      00389         ADDWF   r0x03, W
00B2 6E00      00390         MOVWF   r0x05
00B4 0E00      00391         MOVLW   HIGH(_m600_reply + 2)
00B6 2000      00392         ADDWFC  r0x04, W
00B8 6E00      00393         MOVWF   r0x06
00BA C000 FFE9 00394         MOVFF   r0x05, FSR0L
00BE C000 FFEA 00395         MOVFF   r0x06, FSR0H
00C2 C000 FFEE 00396         MOVFF   r0x01, POSTINC0
00C6 C000 FFEF 00397         MOVFF   r0x02, INDF0
               00398 ;       .line   225; ../src/m600.c      for (i = 0; i < M600_COLUMN_COUNT; ++i)
00CA 0E02      00399         MOVLW   0x02
00CC 2600      00400         ADDWF   r0x03, F
00CE B0D8      00401         BTFSC   STATUS, 0
00D0 2A00      00402         INCF    r0x04, F
00D2 2A00      00403         INCF    r0x01, F
00D4 B0D8      00404         BTFSC   STATUS, 0
00D6 2A00      00405         INCF    r0x02, F
00D8 D000      00406         BRA     _00182_DS_
00DA      00407 _00185_DS_:
               00408 ;       .line   228; ../src/m600.c      do_reply = 1;
00DA 0E01      00409         MOVLW   0x01
00DC 6E00      00410         MOVWF   r0x00
               00411 ;       .line   230; ../src/m600.c      break;
00DE D000      00412         BRA     _00179_DS_
00E0      00413 _00176_DS_:
               00414 ;       .line   235; ../src/m600.c      uint8_t* const p = (uint8_t*)m600_reply.card_data;
00E0 0E00      00415         MOVLW   HIGH(_m600_reply + 2)
00E2 6E00      00416         MOVWF   r0x02
00E4 0E00      00417         MOVLW   LOW(_m600_reply + 2)
00E6 6E00      00418         MOVWF   r0x01
00E8 0E80      00419         MOVLW   0x80
00EA 6E00      00420         MOVWF   r0x03
               00421 ;       .line   237; ../src/m600.c      p[0] = PORTA;
00EC C000 FFE5 00422         MOVFF   _PORTA, POSTDEC1
00F0 C000 FFE9 00423         MOVFF   r0x01, FSR0L
00F4 C000 FFF3 00424         MOVFF   r0x02, PRODL
00F8 5000      00425         MOVF    r0x03, W
00FA EC00 F000 00426         CALL    __gptrput1
               00427 ;       .line   238; ../src/m600.c      p[1] = PORTB;
00FE 5000      00428         MOVF    r0x01, W
0100 0F01      00429         ADDLW   0x01
0102 6E00      00430         MOVWF   r0x04
0104 0E00      00431         MOVLW   0x00
0106 2000      00432         ADDWFC  r0x02, W
gpasm-0.13.6 beta               ../src/m600.asm11-21-2009  16:29:05         PAGE  9


LOC  OBJECT CODE     LINE SOURCE TEXT
  VALUE
 
0108 6E00      00433         MOVWF   r0x05
010A 0E00      00434         MOVLW   0x00
010C 2000      00435         ADDWFC  r0x03, W
010E 6E00      00436         MOVWF   r0x06
0110 C000 FFE5 00437         MOVFF   _PORTB, POSTDEC1
0114 C000 FFE9 00438         MOVFF   r0x04, FSR0L
0118 C000 FFF3 00439         MOVFF   r0x05, PRODL
011C 5000      00440         MOVF    r0x06, W
011E EC00 F000 00441         CALL    __gptrput1
               00442 ;       .line   239; ../src/m600.c      p[2] = PORTC;
0122 5000      00443         MOVF    r0x01, W
0124 0F02      00444         ADDLW   0x02
0126 6E00      00445         MOVWF   r0x04
0128 0E00      00446         MOVLW   0x00
012A 2000      00447         ADDWFC  r0x02, W
012C 6E00      00448         MOVWF   r0x05
012E 0E00      00449         MOVLW   0x00
0130 2000      00450         ADDWFC  r0x03, W
0132 6E00      00451         MOVWF   r0x06
0134 C000 FFE5 00452         MOVFF   _PORTC, POSTDEC1
0138 C000 FFE9 00453         MOVFF   r0x04, FSR0L
013C C000 FFF3 00454         MOVFF   r0x05, PRODL
0140 5000      00455         MOVF    r0x06, W
0142 EC00 F000 00456         CALL    __gptrput1
               00457 ;       .line   240; ../src/m600.c      p[3] = PORTD;
0146 0E03      00458         MOVLW   0x03
0148 2600      00459         ADDWF   r0x01, F
014A 0E00      00460         MOVLW   0x00
014C 2200      00461         ADDWFC  r0x02, F
014E 0E00      00462         MOVLW   0x00
0150 2200      00463         ADDWFC  r0x03, F
0152 C000 FFE5 00464         MOVFF   _PORTD, POSTDEC1
0156 C000 FFE9 00465         MOVFF   r0x01, FSR0L
015A C000 FFF3 00466         MOVFF   r0x02, PRODL
015E 5000      00467         MOVF    r0x03, W
0160 EC00 F000 00468         CALL    __gptrput1
               00469 ;       .line   242; ../src/m600.c      do_reply = 1;
0164 0E01      00470         MOVLW   0x01
0166 6E00      00471         MOVWF   r0x00
               00472 ;       .line   244; ../src/m600.c      break;
0168 D000      00473         BRA     _00179_DS_
016A      00474 _00178_DS_:
               00475 ;       .line   250; ../src/m600.c      do_reply = 0;
016A 6A00      00476         CLRF    r0x00
016C      00477 _00179_DS_:
               00478 ;       .line   257; ../src/m600.c      m600_request = M600_REQ_INVALID;
016C 0EFF      00479         MOVLW   0xff
016E 0000      00480         BANKSEL _m600_request
0170 6F00      00481         MOVWF   _m600_request, B
               00482 ;       .line   259; ../src/m600.c      if (!do_reply)
0172 5000      00483         MOVF    r0x00, W
               00484 ;       .line   260; ../src/m600.c      return ;
0174 E000      00485         BZ      _00186_DS_
               00486 ;       .line   264; ../src/m600.c      serial_write((unsigned char*)&m600_reply, sizeof(m600_reply_t));
gpasm-0.13.6 beta               ../src/m600.asm11-21-2009  16:29:05         PAGE 10


LOC  OBJECT CODE     LINE SOURCE TEXT
  VALUE
 
0176 0E00      00487         MOVLW   HIGH(_m600_reply)
0178 6E00      00488         MOVWF   r0x01
017A 0E00      00489         MOVLW   LOW(_m600_reply)
017C 6E00      00490         MOVWF   r0x00
017E 0E80      00491         MOVLW   0x80
0180 6E00      00492         MOVWF   r0x02
0182 0E00      00493         MOVLW   0x00
0184 6EE5      00494         MOVWF   POSTDEC1
0186 0EA2      00495         MOVLW   0xa2
0188 6EE5      00496         MOVWF   POSTDEC1
018A 5000      00497         MOVF    r0x02, W
018C 6EE5      00498         MOVWF   POSTDEC1
018E 5000      00499         MOVF    r0x01, W
0190 6EE5      00500         MOVWF   POSTDEC1
0192 5000      00501         MOVF    r0x00, W
0194 6EE5      00502         MOVWF   POSTDEC1
0196 EC00 F000 00503         CALL    _serial_write
019A 0E05      00504         MOVLW   0x05
019C 26E1      00505         ADDWF   FSR1L, F
019E      00506 _00186_DS_:
019E CFE4 F000 00507         MOVFF   PREINC1, r0x06
01A2 CFE4 F000 00508         MOVFF   PREINC1, r0x05
01A6 CFE4 F000 00509         MOVFF   PREINC1, r0x04
01AA CFE4 F000 00510         MOVFF   PREINC1, r0x03
01AE CFE4 F000 00511         MOVFF   PREINC1, r0x02
01B2 CFE4 F000 00512         MOVFF   PREINC1, r0x01
01B6 CFE4 F000 00513         MOVFF   PREINC1, r0x00
01BA CFE4 FFD9 00514         MOVFF   PREINC1, FSR2L
01BE 0012      00515         RETURN  
               00516 
               00517 ; ; Starting pCode block
               00518 S_m600__m600_start_request      code
0000      00519 _m600_start_request:
               00520 ;       .line   191; ../src/m600.c      void m600_start_request(m600_request_t req)
0000 CFD9 FFE5 00521         MOVFF   FSR2L, POSTDEC1
0004 CFE1 FFD9 00522         MOVFF   FSR1L, FSR2L
0008 0E02      00523         MOVLW   0x02
000A CFDB F000 00524         MOVFF   PLUSW2, _m600_request
               00525 ;       .line   193; ../src/m600.c      m600_request = req;
000E CFE4 FFD9 00526         MOVFF   PREINC1, FSR2L
0012 0012      00527         RETURN  
               00528 
               00529 ; ; Starting pCode block
               00530 S_m600__m600_setup      code
0000      00531 _m600_setup:
               00532 ;       .line   156; ../src/m600.c      void m600_setup(void)
0000 CFD9 FFE5 00533         MOVFF   FSR2L, POSTDEC1
0004 CFE1 FFD9 00534         MOVFF   FSR1L, FSR2L
               00535 ;       .line   163; ../src/m600.c      ADCON0 = 0;
0008 6A00      00536         CLRF    _ADCON0
               00537 ;       .line   164; ../src/m600.c      ADCON1 = 0xf;
000A 0E0F      00538         MOVLW   0x0f
000C 6E00      00539         MOVWF   _ADCON1
               00540 ;       .line   165; ../src/m600.c      ADCON2 = 0;
gpasm-0.13.6 beta               ../src/m600.asm11-21-2009  16:29:05         PAGE 11


LOC  OBJECT CODE     LINE SOURCE TEXT
  VALUE
 
000E 6A00      00541         CLRF    _ADCON2
               00542 ;       .line   167; ../src/m600.c      SPPCON = 0;
0010 6A00      00543         CLRF    _SPPCON
               00544 ;       .line   170; ../src/m600.c      M600_TRIS_DATA_LOW = 1;
0012 0E01      00545         MOVLW   0x01
0014 6E00      00546         MOVWF   _TRISB
               00547 ;       .line   171; ../src/m600.c      M600_TRIS_DATA_HIGH = 1;
0016 0E01      00548         MOVLW   0x01
0018 6E00      00549         MOVWF   _TRISA
               00550 ;       .line   172; ../src/m600.c      M600_TRIS_ALARMS = 1;
001A 0E01      00551         MOVLW   0x01
001C 6E00      00552         MOVWF   _TRISD
               00553 ;       .line   173; ../src/m600.c      M600_TRIS_INDEX_MARK = 1;
001E 8000      00554         BSF     _TRISCbits, 0
               00555 ;       .line   174; ../src/m600.c      M600_TRIS_READY = 1;
0020 8200      00556         BSF     _TRISCbits, 1
               00557 ;       .line   175; ../src/m600.c      M600_TRIS_BUSY = 1;
0022 8400      00558         BSF     _TRISCbits, 2
               00559 ;       .line   183; ../src/m600.c      M600_TRIS_PICK_CMD = 0;
0024 9600      00560         BCF     _TRISDbits, 3
               00561 ;       .line   187; ../src/m600.c      m600_request = M600_REQ_INVALID;
0026 0EFF      00562         MOVLW   0xff
0028 0000      00563         BANKSEL _m600_request
002A 6F00      00564         MOVWF   _m600_request, B
002C CFE4 FFD9 00565         MOVFF   PREINC1, FSR2L
0030 0012      00566         RETURN  
               00567 
               00568 ; ; Starting pCode block
               00569 S_m600__m600_read_card  code
0000      00570 _m600_read_card:
               00571 ;       .line   90; ../src/m600.c       static m600_alarms_t m600_read_card(uint16_t* col_data)
0000 CFD9 FFE5 00572         MOVFF   FSR2L, POSTDEC1
0004 CFE1 FFD9 00573         MOVFF   FSR1L, FSR2L
0008 C000 FFE5 00574         MOVFF   r0x00, POSTDEC1
000C C000 FFE5 00575         MOVFF   r0x01, POSTDEC1
0010 C000 FFE5 00576         MOVFF   r0x02, POSTDEC1
0014 C000 FFE5 00577         MOVFF   r0x03, POSTDEC1
0018 C000 FFE5 00578         MOVFF   r0x04, POSTDEC1
001C C000 FFE5 00579         MOVFF   r0x05, POSTDEC1
0020 C000 FFE5 00580         MOVFF   r0x06, POSTDEC1
0024 0E02      00581         MOVLW   0x02
0026 CFDB F000 00582         MOVFF   PLUSW2, r0x00
002A 0E03      00583         MOVLW   0x03
002C CFDB F000 00584         MOVFF   PLUSW2, r0x01
0030 0E04      00585         MOVLW   0x04
0032 CFDB F000 00586         MOVFF   PLUSW2, r0x02
0036      00587 _00139_DS_:
               00588 ;       .line   95; ../src/m600.c       while (!M600_PIN_READY)
0036 A200      00589         BTFSS   _PORTCbits, 1
0038 D000      00590         BRA     _00139_DS_
003A      00591 _00142_DS_:
               00592 ;       .line   99; ../src/m600.c       while (M600_PIN_BUSY)
003A B400      00593         BTFSC   _PORTCbits, 2
003C D000      00594         BRA     _00142_DS_
gpasm-0.13.6 beta               ../src/m600.asm11-21-2009  16:29:05         PAGE 12


LOC  OBJECT CODE     LINE SOURCE TEXT
  VALUE
 
               00595 ;       .line   107; ../src/m600.c      M600_PIN_PICK_CMD = 1;
003E 8600      00596         BSF     _LATDbits, 3
0040      00597 _00147_DS_:
               00598 ;       .line   110; ../src/m600.c      while (M600_PIN_BUSY)
0040 A400      00599         BTFSS   _PORTCbits, 2
0042 D000      00600         BRA     _00149_DS_
               00601 ;       .line   116; ../src/m600.c      if (M600_PIN_ERROR)
0044 A000      00602         BTFSS   _PORTDbits, 0
0046 D000      00603         BRA     _00147_DS_
               00604 ;       .line   118; ../src/m600.c      M600_PIN_PICK_CMD = 0;
0048 9600      00605         BCF     _LATDbits, 3
               00606 ;       .line   119; ../src/m600.c      return m600_read_alarms();
004A EC00 F000 00607         CALL    _m600_read_alarms
004E 6E00      00608         MOVWF   r0x03
0050 CFF3 F000 00609         MOVFF   PRODL, r0x04
0054 C000 FFF3 00610         MOVFF   r0x04, PRODL
0058 5000      00611         MOVF    r0x03, W
005A D000      00612         BRA     _00158_DS_
005C      00613 _00149_DS_:
               00614 ;       .line   123; ../src/m600.c      M600_PIN_PICK_CMD = 0;
005C 9600      00615         BCF     _LATDbits, 3
               00616 ;       .line   126; ../src/m600.c      while (col_count)
005E 0E50      00617         MOVLW   0x50
0060 6E00      00618         MOVWF   r0x03
0062 6A00      00619         CLRF    r0x04
0064      00620 _00155_DS_:
0064 5000      00621         MOVF    r0x03, W
0066 1000      00622         IORWF   r0x04, W
0068 E000      00623         BZ      _00157_DS_
               00624 ;       .line   135; ../src/m600.c      if (M600_PIN_INDEX_MARK)
006A A000      00625         BTFSS   _PORTCbits, 0
006C D000      00626         BRA     _00155_DS_
006E      00627 _00150_DS_:
               00628 ;       .line   140; ../src/m600.c      while (M600_PIN_INDEX_MARK)
006E B000      00629         BTFSC   _PORTCbits, 0
0070 D000      00630         BRA     _00150_DS_
               00631 ;       .line   143; ../src/m600.c      *col_data = read_data_reg();
0072 EC00 F000 00632         CALL    _read_data_reg
0076 6E00      00633         MOVWF   r0x05
0078 CFF3 F000 00634         MOVFF   PRODL, r0x06
007C C000 FFE5 00635         MOVFF   r0x05, POSTDEC1
0080 C000 FFF4 00636         MOVFF   r0x06, PRODH
0084 C000 FFE9 00637         MOVFF   r0x00, FSR0L
0088 C000 FFF3 00638         MOVFF   r0x01, PRODL
008C 5000      00639         MOVF    r0x02, W
008E EC00 F000 00640         CALL    __gptrput2
               00641 ;       .line   145; ../src/m600.c      ++col_data;
0092 0E02      00642         MOVLW   0x02
0094 2600      00643         ADDWF   r0x00, F
0096 0E00      00644         MOVLW   0x00
0098 2200      00645         ADDWFC  r0x01, F
009A 0E00      00646         MOVLW   0x00
009C 2200      00647         ADDWFC  r0x02, F
               00648 ;       .line   146; ../src/m600.c      --col_count;
gpasm-0.13.6 beta               ../src/m600.asm11-21-2009  16:29:05         PAGE 13


LOC  OBJECT CODE     LINE SOURCE TEXT
  VALUE
 
009E 0EFF      00649         MOVLW   0xff
00A0 2600      00650         ADDWF   r0x03, F
00A2 A0D8      00651         BTFSS   STATUS, 0
00A4 0600      00652         DECF    r0x04, F
00A6 D000      00653         BRA     _00155_DS_
00A8      00654 _00157_DS_:
               00655 ;       .line   150; ../src/m600.c      return M600_ALARM_NONE;
00A8 6AF3      00656         CLRF    PRODL
00AA 6AE8      00657         CLRF    WREG
00AC      00658 _00158_DS_:
00AC CFE4 F000 00659         MOVFF   PREINC1, r0x06
00B0 CFE4 F000 00660         MOVFF   PREINC1, r0x05
00B4 CFE4 F000 00661         MOVFF   PREINC1, r0x04
00B8 CFE4 F000 00662         MOVFF   PREINC1, r0x03
00BC CFE4 F000 00663         MOVFF   PREINC1, r0x02
00C0 CFE4 F000 00664         MOVFF   PREINC1, r0x01
00C4 CFE4 F000 00665         MOVFF   PREINC1, r0x00
00C8 CFE4 FFD9 00666         MOVFF   PREINC1, FSR2L
00CC 0012      00667         RETURN  
               00668 
               00669 ; ; Starting pCode block
               00670 S_m600__read_data_reg   code
0000      00671 _read_data_reg:
               00672 ;       .line   80; ../src/m600.c       static uint16_t read_data_reg(void)
0000 CFD9 FFE5 00673         MOVFF   FSR2L, POSTDEC1
0004 CFE1 FFD9 00674         MOVFF   FSR1L, FSR2L
0008 C000 FFE5 00675         MOVFF   r0x00, POSTDEC1
000C C000 FFE5 00676         MOVFF   r0x01, POSTDEC1
0010 C000 FFE5 00677         MOVFF   r0x02, POSTDEC1
0014 C000 FFE5 00678         MOVFF   r0x03, POSTDEC1
               00679 ;       .line   83; ../src/m600.c       (((unsigned int)M600_PORT_DATA_HIGH << 8) |
0018 C000 F000 00680         MOVFF   _PORTA, r0x00
001C 6A00      00681         CLRF    r0x01
001E 5000      00682         MOVF    r0x00, W
0020 6E00      00683         MOVWF   r0x03
0022 6A00      00684         CLRF    r0x02
0024 C000 F000 00685         MOVFF   _PORTB, r0x00
0028 6A00      00686         CLRF    r0x01
002A 5000      00687         MOVF    r0x00, W
002C 1200      00688         IORWF   r0x02, F
002E 5000      00689         MOVF    r0x01, W
0030 1200      00690         IORWF   r0x03, F
0032 0E0F      00691         MOVLW   0x0f
0034 1600      00692         ANDWF   r0x03, F
0036 C000 FFF3 00693         MOVFF   r0x03, PRODL
003A 5000      00694         MOVF    r0x02, W
003C CFE4 F000 00695         MOVFF   PREINC1, r0x03
0040 CFE4 F000 00696         MOVFF   PREINC1, r0x02
0044 CFE4 F000 00697         MOVFF   PREINC1, r0x01
0048 CFE4 F000 00698         MOVFF   PREINC1, r0x00
004C CFE4 FFD9 00699         MOVFF   PREINC1, FSR2L
0050 0012      00700         RETURN  
               00701 
               00702 ; ; Starting pCode block
gpasm-0.13.6 beta               ../src/m600.asm11-21-2009  16:29:05         PAGE 14


LOC  OBJECT CODE     LINE SOURCE TEXT
  VALUE
 
               00703 S_m600__m600_read_alarms        code
0000      00704 _m600_read_alarms:
               00705 ;       .line   60; ../src/m600.c       static m600_alarms_t m600_read_alarms(void)
0000 CFD9 FFE5 00706         MOVFF   FSR2L, POSTDEC1
0004 CFE1 FFD9 00707         MOVFF   FSR1L, FSR2L
0008 C000 FFE5 00708         MOVFF   r0x00, POSTDEC1
000C C000 FFE5 00709         MOVFF   r0x01, POSTDEC1
               00710 ;       .line   62; ../src/m600.c       m600_alarms_t alarms = M600_ALARM_NONE;
0010 6A00      00711         CLRF    r0x00
0012 6A00      00712         CLRF    r0x01
               00713 ;       .line   70; ../src/m600.c       SET_ALARM_IF_ASSERTED(alarms, ERROR);
0014 A000      00714         BTFSS   _PORTDbits, 0
0016 D000      00715         BRA     _00111_DS_
0018 0E01      00716         MOVLW   0x01
001A 6E00      00717         MOVWF   r0x00
001C 6A00      00718         CLRF    r0x01
001E      00719 _00111_DS_:
               00720 ;       .line   71; ../src/m600.c       SET_ALARM_IF_ASSERTED(alarms, HOPPER_CHECK);
001E A200      00721         BTFSS   _PORTDbits, 1
0020 D000      00722         BRA     _00119_DS_
0022 8200      00723         BSF     r0x00, 1
0024      00724 _00119_DS_:
               00725 ;       .line   72; ../src/m600.c       SET_ALARM_IF_ASSERTED(alarms, MOTION_CHECK);
0024 A400      00726         BTFSS   _PORTDbits, 2
0026 D000      00727         BRA     _00127_DS_
0028 8400      00728         BSF     r0x00, 2
002A      00729 _00127_DS_:
               00730 ;       .line   74; ../src/m600.c       return alarms;
002A C000 FFF3 00731         MOVFF   r0x01, PRODL
002E 5000      00732         MOVF    r0x00, W
0030 CFE4 F000 00733         MOVFF   PREINC1, r0x01
0034 CFE4 F000 00734         MOVFF   PREINC1, r0x00
0038 CFE4 FFD9 00735         MOVFF   PREINC1, FSR2L
003C 0012      00736         RETURN  
               00737 
               00738 
               00739 
               00740 ; Statistics:
               00741 ; code size:      868 (0x0364) bytes ( 0.66%)
               00742 ;                 434 (0x01b2) words
               00743 ; udata size:     162 (0x00a2) bytes ( 9.04%)
               00744 ; access size:      7 (0x0007) bytes
               00745 
               00746 
gpasm-0.13.6 beta               ../src/m600.asm11-21-2009  16:29:05         PAGE 15


SYMBOL TABLE
  LABEL                             VALUE 

FSR0H                             00000FEA
FSR0L                             00000FE9
FSR1L                             00000FE1
FSR2L                             00000FD9
INDF0                             00000FEF
PLUSW2                            00000FDB
POSTDEC1                          00000FE5
POSTINC0                          00000FEE
PREINC1                           00000FE4
PRODH                             00000FF4
PRODL                             00000FF3
STATUS                            00000FD8
WREG                              00000FE8
_00111_DS_                        0000001E
_00119_DS_                        00000024
_00127_DS_                        0000002A
_00139_DS_                        00000036
_00142_DS_                        0000003A
_00147_DS_                        00000040
_00149_DS_                        0000005C
_00150_DS_                        0000006E
_00155_DS_                        00000064
_00157_DS_                        000000A8
_00158_DS_                        000000AC
_00173_DS_                        00000046
_00174_DS_                        0000007E
_00176_DS_                        000000E0
_00178_DS_                        0000016A
_00179_DS_                        0000016C
_00182_DS_                        000000A2
_00185_DS_                        000000DA
_00186_DS_                        0000019E
_00193_DS_                        0000009A
_00197_DS_                        0000002A
_00199_DS_                        00000032
_00201_DS_                        0000003A
_00203_DS_                        00000044
_00204_DS_                        000000AC
_ADCON0                           00000000
_ADCON0bits                       00000000
_ADCON1                           00000000
_ADCON1bits                       00000000
_ADCON2                           00000000
_ADCON2bits                       00000000
_ADRESH                           00000000
_ADRESL                           00000000
_BAUDCON                          00000000
_BAUDCONbits                      00000000
_BSR                              00000000
_BSRbits                          00000000
_CCP1CON                          00000000
_CCP1CONbits                      00000000
_CCP2CON                          00000000
gpasm-0.13.6 beta               ../src/m600.asm11-21-2009  16:29:05         PAGE 16


LOC  OBJECT CODE     LINE SOURCE TEXT
  VALUE
 
_CCP2CONbits                      00000000
_CCPR1H                           00000000
_CCPR1L                           00000000
_CCPR2H                           00000000
_CCPR2L                           00000000
_CMCON                            00000000
_CMCONbits                        00000000
_CVRCON                           00000000
_CVRCONbits                       00000000
_ECCP1AS                          00000000
_ECCP1ASbits                      00000000
_ECCP1DEL                         00000000
_ECCP1DELbits                     00000000
_EEADR                            00000000
_EECON1                           00000000
_EECON1bits                       00000000
_EECON2                           00000000
_EEDATA                           00000000
_FSR0H                            00000000
_FSR0Hbits                        00000000
_FSR0L                            00000000
_FSR1H                            00000000
_FSR1Hbits                        00000000
_FSR1L                            00000000
_FSR2H                            00000000
_FSR2Hbits                        00000000
_FSR2L                            00000000
_HLVDCON                          00000000
_HLVDCONbits                      00000000
_INDF0                            00000000
_INDF1                            00000000
_INDF2                            00000000
_INTCON                           00000000
_INTCON2                          00000000
_INTCON2bits                      00000000
_INTCON3                          00000000
_INTCON3bits                      00000000
_INTCONbits                       00000000
_IPR1                             00000000
_IPR1bits                         00000000
_IPR2                             00000000
_IPR2bits                         00000000
_LATA                             00000000
_LATAbits                         00000000
_LATB                             00000000
_LATBbits                         00000000
_LATC                             00000000
_LATCbits                         00000000
_LATD                             00000000
_LATDbits                         00000000
_LATE                             00000000
_LATEbits                         00000000
_OSCCON                           00000000
_OSCCONbits                       00000000
gpasm-0.13.6 beta               ../src/m600.asm11-21-2009  16:29:05         PAGE 17


LOC  OBJECT CODE     LINE SOURCE TEXT
  VALUE
 
_OSCTUNE                          00000000
_OSCTUNEbits                      00000000
_PCL                              00000000
_PCLATH                           00000000
_PCLATHbits                       00000000
_PCLATU                           00000000
_PCLATUbits                       00000000
_PIE1                             00000000
_PIE1bits                         00000000
_PIE2                             00000000
_PIE2bits                         00000000
_PIR1                             00000000
_PIR1bits                         00000000
_PIR2                             00000000
_PIR2bits                         00000000
_PLUSW0                           00000000
_PLUSW1                           00000000
_PLUSW2                           00000000
_PORTA                            00000000
_PORTAbits                        00000000
_PORTB                            00000000
_PORTBbits                        00000000
_PORTC                            00000000
_PORTCbits                        00000000
_PORTD                            00000000
_PORTDbits                        00000000
_PORTE                            00000000
_PORTEbits                        00000000
_POSTDEC0                         00000000
_POSTDEC1                         00000000
_POSTDEC2                         00000000
_POSTINC0                         00000000
_POSTINC1                         00000000
_POSTINC2                         00000000
_PR2                              00000000
_PREINC0                          00000000
_PREINC1                          00000000
_PREINC2                          00000000
_PRODH                            00000000
_PRODL                            00000000
_RCON                             00000000
_RCONbits                         00000000
_RCREG                            00000000
_RCSTA                            00000000
_RCSTAbits                        00000000
_SPBRG                            00000000
_SPBRGH                           00000000
_SPPCFG                           00000000
_SPPCFGbits                       00000000
_SPPCON                           00000000
_SPPCONbits                       00000000
_SPPDATA                          00000000
_SPPDATAbits                      00000000
_SPPEPS                           00000000
gpasm-0.13.6 beta               ../src/m600.asm11-21-2009  16:29:05         PAGE 18


LOC  OBJECT CODE     LINE SOURCE TEXT
  VALUE
 
_SPPEPSbits                       00000000
_SSPADD                           00000000
_SSPBUF                           00000000
_SSPCON1                          00000000
_SSPCON1bits                      00000000
_SSPCON2                          00000000
_SSPCON2bits                      00000000
_SSPSTAT                          00000000
_SSPSTATbits                      00000000
_STATUS                           00000000
_STATUSbits                       00000000
_STKPTR                           00000000
_STKPTRbits                       00000000
_T0CON                            00000000
_T0CONbits                        00000000
_T1CON                            00000000
_T1CONbits                        00000000
_T2CON                            00000000
_T2CONbits                        00000000
_T3CON                            00000000
_T3CONbits                        00000000
_TABLAT                           00000000
_TBLPTRH                          00000000
_TBLPTRL                          00000000
_TBLPTRU                          00000000
_TBLPTRUbits                      00000000
_TMR0H                            00000000
_TMR0L                            00000000
_TMR1H                            00000000
_TMR1L                            00000000
_TMR2                             00000000
_TMR3H                            00000000
_TMR3L                            00000000
_TOSH                             00000000
_TOSL                             00000000
_TOSU                             00000000
_TOSUbits                         00000000
_TRISA                            00000000
_TRISAbits                        00000000
_TRISB                            00000000
_TRISBbits                        00000000
_TRISC                            00000000
_TRISCbits                        00000000
_TRISD                            00000000
_TRISDbits                        00000000
_TRISE                            00000000
_TRISEbits                        00000000
_TXREG                            00000000
_TXSTA                            00000000
_TXSTAbits                        00000000
_UADDR                            00000000
_UADDRbits                        00000000
_UCFG                             00000000
_UCFGbits                         00000000
gpasm-0.13.6 beta               ../src/m600.asm11-21-2009  16:29:05         PAGE 19


LOC  OBJECT CODE     LINE SOURCE TEXT
  VALUE
 
_UCON                             00000000
_UCONbits                         00000000
_UEIE                             00000000
_UEIEbits                         00000000
_UEIR                             00000000
_UEIRbits                         00000000
_UEP0                             00000000
_UEP0bits                         00000000
_UEP1                             00000000
_UEP10                            00000000
_UEP10bits                        00000000
_UEP11                            00000000
_UEP11bits                        00000000
_UEP12                            00000000
_UEP12bits                        00000000
_UEP13                            00000000
_UEP13bits                        00000000
_UEP14                            00000000
_UEP14bits                        00000000
_UEP15                            00000000
_UEP15bits                        00000000
_UEP1bits                         00000000
_UEP2                             00000000
_UEP2bits                         00000000
_UEP3                             00000000
_UEP3bits                         00000000
_UEP4                             00000000
_UEP4bits                         00000000
_UEP5                             00000000
_UEP5bits                         00000000
_UEP6                             00000000
_UEP6bits                         00000000
_UEP7                             00000000
_UEP7bits                         00000000
_UEP8                             00000000
_UEP8bits                         00000000
_UEP9                             00000000
_UEP9bits                         00000000
_UFRMH                            00000000
_UFRMHbits                        00000000
_UFRML                            00000000
_UFRMLbits                        00000000
_UIE                              00000000
_UIEbits                          00000000
_UIR                              00000000
_UIRbits                          00000000
_USTAT                            00000000
_USTATbits                        00000000
_WDTCON                           00000000
_WDTCONbits                       00000000
_WREG                             00000000
__18F4550                         00000001
__gptrput1                        00000000
__gptrput2                        00000000
gpasm-0.13.6 beta               ../src/m600.asm11-21-2009  16:29:05         PAGE 20


LOC  OBJECT CODE     LINE SOURCE TEXT
  VALUE
 
_m600_read_alarms                 00000000
_m600_read_card                   00000000
_m600_reply                       00000000
_m600_request                     00000000
_m600_schedule                    00000000
_m600_setup                       00000000
_m600_start_request               00000000
_read_data_reg                    00000000
_serial_write                     00000000
r0x00                             00000000
r0x01                             00000001
r0x02                             00000002
r0x03                             00000003
r0x04                             00000004
r0x05                             00000005
r0x06                             00000006


Errors   :       0
Warnings :       0 reported,       0 suppressed
Messages :       0 reported,       0 suppressed

