gpasm-0.13.6 beta               ../src/main.asm11-21-2009  16:29:05         PAGE  1


LOC  OBJECT CODE     LINE SOURCE TEXT
  VALUE
 
               00001 ;--------------------------------------------------------
               00002 ; File Created by SDCC : free open source ANSI-C Compiler
               00003 ; Version 2.8.5 #5516 (Sep 20 2009) (UNIX)
               00004 ; This file was generated Sat Nov 21 16:29:05 2009
               00005 ;--------------------------------------------------------
               00006 ; PIC16 port for the Microchip 16-bit core micros
               00007 ;--------------------------------------------------------
               00008         list    p=18f4550
               00009         __config 0x300000, 0x10
300000 0000    00010         __config 0x300001, 0x0a
               00011         __config 0x300002, 0x00
300002 0000    00012         __config 0x300003, 0x00
300004 0000    00013         __config 0x300005, 0x01
300006 0000    00014         __config 0x300006, 0x80
               00015 
               00016         radix dec
               00017 
               00018 ;--------------------------------------------------------
               00019 ; public variables in this module
               00020 ;--------------------------------------------------------
               00021         global _main
               00022 
               00023 ;--------------------------------------------------------
               00024 ; extern variables in this module
               00025 ;--------------------------------------------------------
               00026         extern _SPPDATAbits
               00027         extern _SPPCFGbits
               00028         extern _SPPEPSbits
               00029         extern _SPPCONbits
               00030         extern _UFRMLbits
               00031         extern _UFRMHbits
               00032         extern _UIRbits
               00033         extern _UIEbits
               00034         extern _UEIRbits
               00035         extern _UEIEbits
               00036         extern _USTATbits
               00037         extern _UCONbits
               00038         extern _UADDRbits
               00039         extern _UCFGbits
               00040         extern _UEP0bits
               00041         extern _UEP1bits
               00042         extern _UEP2bits
               00043         extern _UEP3bits
               00044         extern _UEP4bits
               00045         extern _UEP5bits
               00046         extern _UEP6bits
               00047         extern _UEP7bits
               00048         extern _UEP8bits
               00049         extern _UEP9bits
               00050         extern _UEP10bits
               00051         extern _UEP11bits
               00052         extern _UEP12bits
               00053         extern _UEP13bits
               00054         extern _UEP14bits
gpasm-0.13.6 beta               ../src/main.asm11-21-2009  16:29:05         PAGE  2


LOC  OBJECT CODE     LINE SOURCE TEXT
  VALUE
 
               00055         extern _UEP15bits
               00056         extern _PORTAbits
               00057         extern _PORTBbits
               00058         extern _PORTCbits
               00059         extern _PORTDbits
               00060         extern _PORTEbits
               00061         extern _LATAbits
               00062         extern _LATBbits
               00063         extern _LATCbits
               00064         extern _LATDbits
               00065         extern _LATEbits
               00066         extern _TRISAbits
               00067         extern _TRISBbits
               00068         extern _TRISCbits
               00069         extern _TRISDbits
               00070         extern _TRISEbits
               00071         extern _OSCTUNEbits
               00072         extern _PIE1bits
               00073         extern _PIR1bits
               00074         extern _IPR1bits
               00075         extern _PIE2bits
               00076         extern _PIR2bits
               00077         extern _IPR2bits
               00078         extern _EECON1bits
               00079         extern _RCSTAbits
               00080         extern _TXSTAbits
               00081         extern _T3CONbits
               00082         extern _CMCONbits
               00083         extern _CVRCONbits
               00084         extern _ECCP1ASbits
               00085         extern _ECCP1DELbits
               00086         extern _BAUDCONbits
               00087         extern _CCP2CONbits
               00088         extern _CCP1CONbits
               00089         extern _ADCON2bits
               00090         extern _ADCON1bits
               00091         extern _ADCON0bits
               00092         extern _SSPCON2bits
               00093         extern _SSPCON1bits
               00094         extern _SSPSTATbits
               00095         extern _T2CONbits
               00096         extern _T1CONbits
               00097         extern _RCONbits
               00098         extern _WDTCONbits
               00099         extern _HLVDCONbits
               00100         extern _OSCCONbits
               00101         extern _T0CONbits
               00102         extern _STATUSbits
               00103         extern _FSR2Hbits
               00104         extern _BSRbits
               00105         extern _FSR1Hbits
               00106         extern _FSR0Hbits
               00107         extern _INTCON3bits
               00108         extern _INTCON2bits
gpasm-0.13.6 beta               ../src/main.asm11-21-2009  16:29:05         PAGE  3


LOC  OBJECT CODE     LINE SOURCE TEXT
  VALUE
 
               00109         extern _INTCONbits
               00110         extern _TBLPTRUbits
               00111         extern _PCLATHbits
               00112         extern _PCLATUbits
               00113         extern _STKPTRbits
               00114         extern _TOSUbits
               00115         extern _int_counter
               00116         extern _SPPDATA
               00117         extern _SPPCFG
               00118         extern _SPPEPS
               00119         extern _SPPCON
               00120         extern _UFRML
               00121         extern _UFRMH
               00122         extern _UIR
               00123         extern _UIE
               00124         extern _UEIR
               00125         extern _UEIE
               00126         extern _USTAT
               00127         extern _UCON
               00128         extern _UADDR
               00129         extern _UCFG
               00130         extern _UEP0
               00131         extern _UEP1
               00132         extern _UEP2
               00133         extern _UEP3
               00134         extern _UEP4
               00135         extern _UEP5
               00136         extern _UEP6
               00137         extern _UEP7
               00138         extern _UEP8
               00139         extern _UEP9
               00140         extern _UEP10
               00141         extern _UEP11
               00142         extern _UEP12
               00143         extern _UEP13
               00144         extern _UEP14
               00145         extern _UEP15
               00146         extern _PORTA
               00147         extern _PORTB
               00148         extern _PORTC
               00149         extern _PORTD
               00150         extern _PORTE
               00151         extern _LATA
               00152         extern _LATB
               00153         extern _LATC
               00154         extern _LATD
               00155         extern _LATE
               00156         extern _TRISA
               00157         extern _TRISB
               00158         extern _TRISC
               00159         extern _TRISD
               00160         extern _TRISE
               00161         extern _OSCTUNE
               00162         extern _PIE1
gpasm-0.13.6 beta               ../src/main.asm11-21-2009  16:29:05         PAGE  4


LOC  OBJECT CODE     LINE SOURCE TEXT
  VALUE
 
               00163         extern _PIR1
               00164         extern _IPR1
               00165         extern _PIE2
               00166         extern _PIR2
               00167         extern _IPR2
               00168         extern _EECON1
               00169         extern _EECON2
               00170         extern _EEDATA
               00171         extern _EEADR
               00172         extern _RCSTA
               00173         extern _TXSTA
               00174         extern _TXREG
               00175         extern _RCREG
               00176         extern _SPBRG
               00177         extern _SPBRGH
               00178         extern _T3CON
               00179         extern _TMR3L
               00180         extern _TMR3H
               00181         extern _CMCON
               00182         extern _CVRCON
               00183         extern _ECCP1AS
               00184         extern _ECCP1DEL
               00185         extern _BAUDCON
               00186         extern _CCP2CON
               00187         extern _CCPR2L
               00188         extern _CCPR2H
               00189         extern _CCP1CON
               00190         extern _CCPR1L
               00191         extern _CCPR1H
               00192         extern _ADCON2
               00193         extern _ADCON1
               00194         extern _ADCON0
               00195         extern _ADRESL
               00196         extern _ADRESH
               00197         extern _SSPCON2
               00198         extern _SSPCON1
               00199         extern _SSPSTAT
               00200         extern _SSPADD
               00201         extern _SSPBUF
               00202         extern _T2CON
               00203         extern _PR2
               00204         extern _TMR2
               00205         extern _T1CON
               00206         extern _TMR1L
               00207         extern _TMR1H
               00208         extern _RCON
               00209         extern _WDTCON
               00210         extern _HLVDCON
               00211         extern _OSCCON
               00212         extern _T0CON
               00213         extern _TMR0L
               00214         extern _TMR0H
               00215         extern _STATUS
               00216         extern _FSR2L
gpasm-0.13.6 beta               ../src/main.asm11-21-2009  16:29:05         PAGE  5


LOC  OBJECT CODE     LINE SOURCE TEXT
  VALUE
 
               00217         extern _FSR2H
               00218         extern _PLUSW2
               00219         extern _PREINC2
               00220         extern _POSTDEC2
               00221         extern _POSTINC2
               00222         extern _INDF2
               00223         extern _BSR
               00224         extern _FSR1L
               00225         extern _FSR1H
               00226         extern _PLUSW1
               00227         extern _PREINC1
               00228         extern _POSTDEC1
               00229         extern _POSTINC1
               00230         extern _INDF1
               00231         extern _WREG
               00232         extern _FSR0L
               00233         extern _FSR0H
               00234         extern _PLUSW0
               00235         extern _PREINC0
               00236         extern _POSTDEC0
               00237         extern _POSTINC0
               00238         extern _INDF0
               00239         extern _INTCON3
               00240         extern _INTCON2
               00241         extern _INTCON
               00242         extern _PRODL
               00243         extern _PRODH
               00244         extern _TABLAT
               00245         extern _TBLPTRL
               00246         extern _TBLPTRH
               00247         extern _TBLPTRU
               00248         extern _PCL
               00249         extern _PCLATH
               00250         extern _PCLATU
               00251         extern _STKPTR
               00252         extern _TOSL
               00253         extern _TOSH
               00254         extern _TOSU
               00255         extern _int_setup
               00256         extern _osc_setup
               00257         extern _serial_setup
               00258         extern _serial_pop_fifo
               00259         extern _m600_setup
               00260         extern _m600_start_request
               00261         extern _m600_schedule
               00262 ;--------------------------------------------------------
               00263 ;       Equates to used internal registers
               00264 ;--------------------------------------------------------
  00000FD8     00265 STATUS  equ     0xfd8
  00000FE8     00266 WREG    equ     0xfe8
  00000FE1     00267 FSR1L   equ     0xfe1
  00000FD9     00268 FSR2L   equ     0xfd9
  00000FE5     00269 POSTDEC1        equ     0xfe5
  00000FE4     00270 PREINC1 equ     0xfe4
gpasm-0.13.6 beta               ../src/main.asm11-21-2009  16:29:05         PAGE  6


LOC  OBJECT CODE     LINE SOURCE TEXT
  VALUE
 
  00000FF3     00271 PRODL   equ     0xff3
               00272 
               00273 
               00274         idata
               00275 _toggle_led_ledc_1_1    db      0x00, 0x00
               00276 _toggle_led_ledv_1_1    db      0x00
               00277 
               00278 
               00279 ; Internal registers
               00280 .registers      udata_ovr       0x0000
               00281 r0x00   res     1
               00282 r0x01   res     1
               00283 r0x02   res     1
               00284 
               00285 udata_main_0    udata
               00286 _main_is_done_1_1       res     2
               00287 
               00288 udata_main_1    udata
               00289 _main_req_1_1   res     1
               00290 
               00291 ;--------------------------------------------------------
               00292 ; interrupt vector 
               00293 ;--------------------------------------------------------
               00294 
               00295 ;--------------------------------------------------------
               00296 ; global & static initialisations
               00297 ;--------------------------------------------------------
               00298 ; I code from now on!
               00299 ; ; Starting pCode block
               00300 S_main__main    code
0000      00301 _main:
0000 0000      00302         BANKSEL _main_is_done_1_1
               00303 ;       .line   37; ../src/main.c       volatile int is_done = 0;
0002 6B00      00304         CLRF    _main_is_done_1_1, B
0004 0000      00305         BANKSEL (_main_is_done_1_1 + 1)
0006 6B00      00306         CLRF    (_main_is_done_1_1 + 1), B
               00307 ;       .line   40; ../src/main.c       osc_setup();
0008 EC00 F000 00308         CALL    _osc_setup
               00309 ;       .line   41; ../src/main.c       int_setup();
000C EC00 F000 00310         CALL    _int_setup
               00311 ;       .line   42; ../src/main.c       m600_setup();
0010 EC00 F000 00312         CALL    _m600_setup
               00313 ;       .line   44; ../src/main.c       serial_setup();
0014 EC00 F000 00314         CALL    _serial_setup
0018      00315 _00117_DS_:
0018 0000      00316         BANKSEL _main_is_done_1_1
               00317 ;       .line   46; ../src/main.c       while (!is_done)
001A 5100      00318         MOVF    _main_is_done_1_1, W, B
001C 0000      00319         BANKSEL (_main_is_done_1_1 + 1)
001E 1100      00320         IORWF   (_main_is_done_1_1 + 1), W, B
0020 E100      00321         BNZ     _00119_DS_
               00322 ;       .line   48; ../src/main.c       toggle_led();
0022 EC00 F000 00323         CALL    _toggle_led
               00324 ;       .line   53; ../src/main.c       if (serial_pop_fifo((unsigned char*)&req) == -1)
gpasm-0.13.6 beta               ../src/main.asm11-21-2009  16:29:05         PAGE  7


LOC  OBJECT CODE     LINE SOURCE TEXT
  VALUE
 
0026 0E00      00325         MOVLW   HIGH(_main_req_1_1)
0028 6E00      00326         MOVWF   r0x01
002A 0E00      00327         MOVLW   LOW(_main_req_1_1)
002C 6E00      00328         MOVWF   r0x00
002E 0E80      00329         MOVLW   0x80
0030 6E00      00330         MOVWF   r0x02
0032 5000      00331         MOVF    r0x02, W
0034 6EE5      00332         MOVWF   POSTDEC1
0036 5000      00333         MOVF    r0x01, W
0038 6EE5      00334         MOVWF   POSTDEC1
003A 5000      00335         MOVF    r0x00, W
003C 6EE5      00336         MOVWF   POSTDEC1
003E EC00 F000 00337         CALL    _serial_pop_fifo
0042 6E00      00338         MOVWF   r0x00
0044 CFF3 F000 00339         MOVFF   PRODL, r0x01
0048 0E03      00340         MOVLW   0x03
004A 26E1      00341         ADDWF   FSR1L, F
004C 5000      00342         MOVF    r0x00, W
004E 0AFF      00343         XORLW   0xff
0050 E100      00344         BNZ     _00126_DS_
0052 5000      00345         MOVF    r0x01, W
0054 0AFF      00346         XORLW   0xff
0056 E000      00347         BZ      _00117_DS_
0058      00348 _00126_DS_:
0058 0000      00349         BANKSEL _main_req_1_1
               00350 ;       .line   57; ../src/main.c       m600_start_request(req);
005A 5100      00351         MOVF    _main_req_1_1, W, B
005C 6EE5      00352         MOVWF   POSTDEC1
005E EC00 F000 00353         CALL    _m600_start_request
0062 2AE1      00354         INCF    FSR1L, F
               00355 ;       .line   58; ../src/main.c       m600_schedule();
0064 EC00 F000 00356         CALL    _m600_schedule
0068 D000      00357         BRA     _00117_DS_
006A      00358 _00119_DS_:
               00359 ;       .line   61; ../src/main.c       return 0;
006A 6AF3      00360         CLRF    PRODL
006C 6AE8      00361         CLRF    WREG
006E 0012      00362         RETURN  
               00363 
               00364 ; ; Starting pCode block
               00365 S_main__toggle_led      code
0000      00366 _toggle_led:
               00367 ;       .line   19; ../src/main.c       static void toggle_led(void)
0000 CFD9 FFE5 00368         MOVFF   FSR2L, POSTDEC1
0004 CFE1 FFD9 00369         MOVFF   FSR1L, FSR2L
0008 0000      00370         BANKSEL _toggle_led_ledc_1_1
               00371 ;       .line   24; ../src/main.c       if (++ledc < 0x4000)
000A 2B00      00372         INCF    _toggle_led_ledc_1_1, F, B
000C E300      00373         BNC     _10115_DS_
000E 0000      00374         BANKSEL (_toggle_led_ledc_1_1 + 1)
0010 2B00      00375         INCF    (_toggle_led_ledc_1_1 + 1), F, B
0012      00376 _10115_DS_:
0012 0E40      00377         MOVLW   0x40
0014 0000      00378         BANKSEL (_toggle_led_ledc_1_1 + 1)
gpasm-0.13.6 beta               ../src/main.asm11-21-2009  16:29:05         PAGE  8


LOC  OBJECT CODE     LINE SOURCE TEXT
  VALUE
 
0016 5D00      00379         SUBWF   (_toggle_led_ledc_1_1 + 1), W, B
0018 E100      00380         BNZ     _00110_DS_
001A 0E00      00381         MOVLW   0x00
001C 0000      00382         BANKSEL _toggle_led_ledc_1_1
001E 5D00      00383         SUBWF   _toggle_led_ledc_1_1, W, B
0020      00384 _00110_DS_:
               00385 ;       .line   25; ../src/main.c       return ;
0020 E300      00386         BNC     _00107_DS_
               00387 ;       .line   27; ../src/main.c       ledv ^= 1;
0022 0E01      00388         MOVLW   0x01
0024 0000      00389         BANKSEL _toggle_led_ledv_1_1
0026 1B00      00390         XORWF   _toggle_led_ledv_1_1, F, B
               00391 ;       .line   29; ../src/main.c       TRISA = 0;
0028 6A00      00392         CLRF    _TRISA
               00393 ;       .line   30; ../src/main.c       LATA = ledv;
002A C000 F000 00394         MOVFF   _toggle_led_ledv_1_1, _LATA
002E      00395 _00107_DS_:
002E CFE4 FFD9 00396         MOVFF   PREINC1, FSR2L
0032 0012      00397         RETURN  
               00398 
               00399 
               00400 
               00401 ; Statistics:
               00402 ; code size:      164 (0x00a4) bytes ( 0.13%)
               00403 ;                  82 (0x0052) words
               00404 ; udata size:       3 (0x0003) bytes ( 0.17%)
               00405 ; access size:      3 (0x0003) bytes
               00406 
               00407 
gpasm-0.13.6 beta               ../src/main.asm11-21-2009  16:29:05         PAGE  9


SYMBOL TABLE
  LABEL                             VALUE 

FSR1L                             00000FE1
FSR2L                             00000FD9
POSTDEC1                          00000FE5
PREINC1                           00000FE4
PRODL                             00000FF3
STATUS                            00000FD8
WREG                              00000FE8
_00107_DS_                        0000002E
_00110_DS_                        00000020
_00117_DS_                        00000018
_00119_DS_                        0000006A
_00126_DS_                        00000058
_10115_DS_                        00000012
_ADCON0                           00000000
_ADCON0bits                       00000000
_ADCON1                           00000000
_ADCON1bits                       00000000
_ADCON2                           00000000
_ADCON2bits                       00000000
_ADRESH                           00000000
_ADRESL                           00000000
_BAUDCON                          00000000
_BAUDCONbits                      00000000
_BSR                              00000000
_BSRbits                          00000000
_CCP1CON                          00000000
_CCP1CONbits                      00000000
_CCP2CON                          00000000
_CCP2CONbits                      00000000
_CCPR1H                           00000000
_CCPR1L                           00000000
_CCPR2H                           00000000
_CCPR2L                           00000000
_CMCON                            00000000
_CMCONbits                        00000000
_CVRCON                           00000000
_CVRCONbits                       00000000
_ECCP1AS                          00000000
_ECCP1ASbits                      00000000
_ECCP1DEL                         00000000
_ECCP1DELbits                     00000000
_EEADR                            00000000
_EECON1                           00000000
_EECON1bits                       00000000
_EECON2                           00000000
_EEDATA                           00000000
_FSR0H                            00000000
_FSR0Hbits                        00000000
_FSR0L                            00000000
_FSR1H                            00000000
_FSR1Hbits                        00000000
_FSR1L                            00000000
_FSR2H                            00000000
gpasm-0.13.6 beta               ../src/main.asm11-21-2009  16:29:05         PAGE 10


LOC  OBJECT CODE     LINE SOURCE TEXT
  VALUE
 
_FSR2Hbits                        00000000
_FSR2L                            00000000
_HLVDCON                          00000000
_HLVDCONbits                      00000000
_INDF0                            00000000
_INDF1                            00000000
_INDF2                            00000000
_INTCON                           00000000
_INTCON2                          00000000
_INTCON2bits                      00000000
_INTCON3                          00000000
_INTCON3bits                      00000000
_INTCONbits                       00000000
_IPR1                             00000000
_IPR1bits                         00000000
_IPR2                             00000000
_IPR2bits                         00000000
_LATA                             00000000
_LATAbits                         00000000
_LATB                             00000000
_LATBbits                         00000000
_LATC                             00000000
_LATCbits                         00000000
_LATD                             00000000
_LATDbits                         00000000
_LATE                             00000000
_LATEbits                         00000000
_OSCCON                           00000000
_OSCCONbits                       00000000
_OSCTUNE                          00000000
_OSCTUNEbits                      00000000
_PCL                              00000000
_PCLATH                           00000000
_PCLATHbits                       00000000
_PCLATU                           00000000
_PCLATUbits                       00000000
_PIE1                             00000000
_PIE1bits                         00000000
_PIE2                             00000000
_PIE2bits                         00000000
_PIR1                             00000000
_PIR1bits                         00000000
_PIR2                             00000000
_PIR2bits                         00000000
_PLUSW0                           00000000
_PLUSW1                           00000000
_PLUSW2                           00000000
_PORTA                            00000000
_PORTAbits                        00000000
_PORTB                            00000000
_PORTBbits                        00000000
_PORTC                            00000000
_PORTCbits                        00000000
_PORTD                            00000000
gpasm-0.13.6 beta               ../src/main.asm11-21-2009  16:29:05         PAGE 11


LOC  OBJECT CODE     LINE SOURCE TEXT
  VALUE
 
_PORTDbits                        00000000
_PORTE                            00000000
_PORTEbits                        00000000
_POSTDEC0                         00000000
_POSTDEC1                         00000000
_POSTDEC2                         00000000
_POSTINC0                         00000000
_POSTINC1                         00000000
_POSTINC2                         00000000
_PR2                              00000000
_PREINC0                          00000000
_PREINC1                          00000000
_PREINC2                          00000000
_PRODH                            00000000
_PRODL                            00000000
_RCON                             00000000
_RCONbits                         00000000
_RCREG                            00000000
_RCSTA                            00000000
_RCSTAbits                        00000000
_SPBRG                            00000000
_SPBRGH                           00000000
_SPPCFG                           00000000
_SPPCFGbits                       00000000
_SPPCON                           00000000
_SPPCONbits                       00000000
_SPPDATA                          00000000
_SPPDATAbits                      00000000
_SPPEPS                           00000000
_SPPEPSbits                       00000000
_SSPADD                           00000000
_SSPBUF                           00000000
_SSPCON1                          00000000
_SSPCON1bits                      00000000
_SSPCON2                          00000000
_SSPCON2bits                      00000000
_SSPSTAT                          00000000
_SSPSTATbits                      00000000
_STATUS                           00000000
_STATUSbits                       00000000
_STKPTR                           00000000
_STKPTRbits                       00000000
_T0CON                            00000000
_T0CONbits                        00000000
_T1CON                            00000000
_T1CONbits                        00000000
_T2CON                            00000000
_T2CONbits                        00000000
_T3CON                            00000000
_T3CONbits                        00000000
_TABLAT                           00000000
_TBLPTRH                          00000000
_TBLPTRL                          00000000
_TBLPTRU                          00000000
gpasm-0.13.6 beta               ../src/main.asm11-21-2009  16:29:05         PAGE 12


LOC  OBJECT CODE     LINE SOURCE TEXT
  VALUE
 
_TBLPTRUbits                      00000000
_TMR0H                            00000000
_TMR0L                            00000000
_TMR1H                            00000000
_TMR1L                            00000000
_TMR2                             00000000
_TMR3H                            00000000
_TMR3L                            00000000
_TOSH                             00000000
_TOSL                             00000000
_TOSU                             00000000
_TOSUbits                         00000000
_TRISA                            00000000
_TRISAbits                        00000000
_TRISB                            00000000
_TRISBbits                        00000000
_TRISC                            00000000
_TRISCbits                        00000000
_TRISD                            00000000
_TRISDbits                        00000000
_TRISE                            00000000
_TRISEbits                        00000000
_TXREG                            00000000
_TXSTA                            00000000
_TXSTAbits                        00000000
_UADDR                            00000000
_UADDRbits                        00000000
_UCFG                             00000000
_UCFGbits                         00000000
_UCON                             00000000
_UCONbits                         00000000
_UEIE                             00000000
_UEIEbits                         00000000
_UEIR                             00000000
_UEIRbits                         00000000
_UEP0                             00000000
_UEP0bits                         00000000
_UEP1                             00000000
_UEP10                            00000000
_UEP10bits                        00000000
_UEP11                            00000000
_UEP11bits                        00000000
_UEP12                            00000000
_UEP12bits                        00000000
_UEP13                            00000000
_UEP13bits                        00000000
_UEP14                            00000000
_UEP14bits                        00000000
_UEP15                            00000000
_UEP15bits                        00000000
_UEP1bits                         00000000
_UEP2                             00000000
_UEP2bits                         00000000
_UEP3                             00000000
gpasm-0.13.6 beta               ../src/main.asm11-21-2009  16:29:05         PAGE 13


LOC  OBJECT CODE     LINE SOURCE TEXT
  VALUE
 
_UEP3bits                         00000000
_UEP4                             00000000
_UEP4bits                         00000000
_UEP5                             00000000
_UEP5bits                         00000000
_UEP6                             00000000
_UEP6bits                         00000000
_UEP7                             00000000
_UEP7bits                         00000000
_UEP8                             00000000
_UEP8bits                         00000000
_UEP9                             00000000
_UEP9bits                         00000000
_UFRMH                            00000000
_UFRMHbits                        00000000
_UFRML                            00000000
_UFRMLbits                        00000000
_UIE                              00000000
_UIEbits                          00000000
_UIR                              00000000
_UIRbits                          00000000
_USTAT                            00000000
_USTATbits                        00000000
_WDTCON                           00000000
_WDTCONbits                       00000000
_WREG                             00000000
__18F4550                         00000001
_int_counter                      00000000
_int_setup                        00000000
_m600_schedule                    00000000
_m600_setup                       00000000
_m600_start_request               00000000
_main                             00000000
_main_is_done_1_1                 00000000
_main_req_1_1                     00000000
_osc_setup                        00000000
_serial_pop_fifo                  00000000
_serial_setup                     00000000
_toggle_led                       00000000
_toggle_led_ledc_1_1              00000000
_toggle_led_ledv_1_1              00000002
r0x00                             00000000
r0x01                             00000001
r0x02                             00000002


Errors   :       0
Warnings :       0 reported,       0 suppressed
Messages :       0 reported,       0 suppressed

